

Version:	3.50
CmdLine:	C:\Users\JohnK.2025\OneDrive - Meridian Technical Charter High School\Documents\GitHub\MineSweeper\src\MineSweeper.exe --l4j-debug
JNI:		No
WOW64:		Yes
Working dir:	C:\Users\JohnK.2025\OneDrive - Meridian Technical Charter High School\Documents\GitHub\MineSweeper\src\.
Requires JDK:	No
Requires 64-Bit: No
Java min ver:	1.000.000
Java max ver:	
Substitute:	JAVA_HOME = 
JRE paths:	
64-bit search:	SOFTWARE\JavaSoft\Java Runtime Environment...
32-bit search:	SOFTWARE\JavaSoft\Java Runtime Environment...
64-bit search:	SOFTWARE\JavaSoft\Java Development Kit...
32-bit search:	SOFTWARE\JavaSoft\Java Development Kit...
64-bit search:	SOFTWARE\JavaSoft\JRE...
32-bit search:	SOFTWARE\JavaSoft\JRE...
64-bit search:	SOFTWARE\JavaSoft\JDK...
Check:		SOFTWARE\JavaSoft\JDK\20.0.2
Version string: 1.020.000_002 / 64-Bit (OK)
Check launcher:	C:\Program Files\Java\jdk-20\bin\javaw.exe (OK)
Match:		1.020.000_002
Runtime used:	1.020.000_002 (64-bit)
Launcher:	C:\Program Files\Java\jdk-20\bin\javaw.exe
Launcher args:	-jar "C:\Users\JohnK.2025\OneDrive - Meridian Technical Charter High School\Documents\GitHub\MineSweeper\src\MineSweeper.exe"
Args length:	125/32768 chars
Exit code:	0
