

Version:	3.50
CmdLine:	C:\Users\JohnK.2025\OneDrive - Meridian Technical Charter High School\Documents\GitHub\MineSweeper\MineSweeper.exe --l4j-debug
JNI:		No
WOW64:		Yes
Working dir:	C:\Users\JohnK.2025\OneDrive - Meridian Technical Charter High School\Documents\GitHub\MineSweeper\.
Requires JDK:	No
Requires 64-Bit: No
Java min ver:	
Java max ver:	
Substitute:	JAVA_HOME = 
Substitute:	PATH = C:\Program Files (x86)\NVIDIA Corporation\PhysX\Common;C:\Program Files\Common Files\Oracle\Java\javapath;C:\WINDOWS\system32;C:\WINDOWS;C:\WINDOWS\System32\Wbem;C:\WINDOWS\System32\WindowsPowerShell\v1.0\;C:\WINDOWS\System32\OpenSSH\;C:\Program Files\Git\cmdC:\ProgramData\ComposerSetup\bin;C:\Program Files (x86)\Windows Kits\8.1\Windows Performance Toolkit\;C:\Program Files\Microsoft SQL Server\Client SDK\ODBC\170\Tools\Binn\;C:\Program Files (x86)\Microsoft SQL Server\150\Tools\Binn\;C:\Program Files\Microsoft SQL Server\150\Tools\Binn\;C:\Program Files\Microsoft SQL Server\150\DTS\Binn\;C:\Users\JohnK.2025\AppData\Local\Microsoft\WindowsApps;C:\Users\JohnK.2025\AppData\Local\GitHubDesktop\bin;C:\Users\JohnK.2025\AppData\Local\Programs\Microsoft VS Code\bin;C:\xampp\php\php.exe;C:\Program Files\Java\jdk-20\bin
JRE paths:	;C:\Program Files (x86)\NVIDIA Corporation\PhysX\Common;C:\Program Files\Common Files\Oracle\Java\javapath;C:\WINDOWS\system32;C:\WINDOWS;C:\WINDOWS\System32\Wbem;C:\WINDOWS\System32\WindowsPowerShell\v1.0\;C:\WINDOWS\System32\OpenSSH\;C:\Program Files\Git\cmdC:\ProgramData\ComposerSetup\bin;C:\Program Files (x86)\Windows Kits\8.1\Windows Performance Toolkit\;C:\Program Files\Microsoft SQL Server\Client SDK\ODBC\170\Tools\Binn\;C:\Program Files (x86)\Microsoft SQL Server\150\Tools\Binn\;C:\Program Files\Microsoft SQL Server\150\Tools\Binn\;C:\Program Files\Microsoft SQL Server\150\DTS\Binn\;C:\Users\JohnK.2025\AppData\Local\Microsoft\WindowsApps;C:\Users\JohnK.2025\AppData\Local\GitHubDesktop\bin;C:\Users\JohnK.2025\AppData\Local\Programs\Microsoft VS Code\bin;C:\xampp\php\php.exe;C:\Program Files\Java\jdk-20\bin
Check launcher:	C:\Program Files (x86)\NVIDIA Corporation\PhysX\Common\bin\javaw.exe (not found)
Check launcher:	C:\Program Files\Common Files\Oracle\Java\javapath\bin\javaw.exe (not found)
Check launcher:	C:\WINDOWS\system32\bin\javaw.exe (not found)
Check launcher:	C:\WINDOWS\bin\javaw.exe (not found)
Check launcher:	C:\WINDOWS\System32\Wbem\bin\javaw.exe (not found)
Check launcher:	C:\WINDOWS\System32\WindowsPowerShell\v1.0\bin\javaw.exe (not found)
Check launcher:	C:\WINDOWS\System32\OpenSSH\bin\javaw.exe (not found)
Check launcher:	C:\Program Files\Git\cmdC:\ProgramData\ComposerSetup\bin\javaw.exe (not found)
Check launcher:	C:\Program Files (x86)\Windows Kits\8.1\Windows Performance Toolkit\bin\javaw.exe (not found)
Check launcher:	C:\Program Files\Microsoft SQL Server\Client SDK\ODBC\170\Tools\Binn\bin\javaw.exe (not found)
Check launcher:	C:\Program Files (x86)\Microsoft SQL Server\150\Tools\Binn\bin\javaw.exe (not found)
Check launcher:	C:\Program Files\Microsoft SQL Server\150\Tools\Binn\bin\javaw.exe (not found)
Check launcher:	C:\Program Files\Microsoft SQL Server\150\DTS\Binn\bin\javaw.exe (not found)
Check launcher:	C:\Users\JohnK.2025\AppData\Local\Microsoft\WindowsApps\bin\javaw.exe (not found)
Check launcher:	C:\Users\JohnK.2025\AppData\Local\GitHubDesktop\bin\javaw.exe (not found)
Check launcher:	C:\Users\JohnK.2025\AppData\Local\Programs\Microsoft VS Code\bin\javaw.exe (not found)
Check launcher:	C:\xampp\php\php.exe\bin\javaw.exe (not found)
Check launcher:	C:\Program Files\Java\jdk-20\bin\javaw.exe (OK)
Version string: 1.020.000_002 / 64-Bit (OK)
Launcher:	C:\Program Files\Java\jdk-20\bin\javaw.exe
Launcher args:	-jar "C:\Users\JohnK.2025\OneDrive - Meridian Technical Charter High School\Documents\GitHub\MineSweeper\MineSweeper.exe"
Args length:	121/32768 chars
Exit code:	0
